{
  "stats": {
    "suites": 1,
    "tests": 1,
    "passes": 1,
    "pending": 0,
    "failures": 0,
    "start": "2025-08-20T17:55:03.462Z",
    "end": "2025-08-20T17:55:19.722Z",
    "duration": 16260,
    "testsRegistered": 1,
    "passPercent": 100,
    "pendingPercent": 0,
    "other": 0,
    "hasOther": false,
    "skipped": 0,
    "hasSkipped": false
  },
  "results": [
    {
      "uuid": "f268eda9-9884-433c-a216-7d6af66100c9",
      "title": "",
      "fullFile": "cypress\\e2e\\01-cadastrarUsuario.cy.js",
      "file": "cypress\\e2e\\01-cadastrarUsuario.cy.js",
      "beforeHooks": [],
      "afterHooks": [],
      "tests": [],
      "suites": [
        {
          "uuid": "0f7ee569-cbaf-4c9b-b8c7-ba1656badd54",
          "title": "Teste automatizado de cadastro",
          "fullFile": "",
          "file": "",
          "beforeHooks": [],
          "afterHooks": [],
          "tests": [
            {
              "title": "Erro de cadastro de usuario",
              "fullTitle": "Teste automatizado de cadastro Erro de cadastro de usuario",
              "timedOut": null,
              "duration": 16206,
              "state": "passed",
              "speed": "slow",
              "pass": true,
              "fail": false,
              "pending": false,
              "context": null,
              "code": "(0, _visitURL.visitUrl)(URL);\n(0, _validarURL.validarURL)(URL);\n(0, _cadastro.cadastrarUsuario)(name, email, senha);",
              "err": {},
              "uuid": "d8437afd-22ed-4616-b2cd-feaf218d92c0",
              "parentUUID": "0f7ee569-cbaf-4c9b-b8c7-ba1656badd54",
              "isHook": false,
              "skipped": false
            }
          ],
          "suites": [],
          "passes": [
            "d8437afd-22ed-4616-b2cd-feaf218d92c0"
          ],
          "failures": [],
          "pending": [],
          "skipped": [],
          "duration": 16206,
          "root": false,
          "rootEmpty": false,
          "_timeout": 2000
        }
      ],
      "passes": [],
      "failures": [],
      "pending": [],
      "skipped": [],
      "duration": 0,
      "root": true,
      "rootEmpty": true,
      "_timeout": 2000
    }
  ],
  "meta": {
    "mocha": {
      "version": "7.2.0"
    },
    "mochawesome": {
      "options": {
        "quiet": false,
        "reportFilename": "mochawesome",
        "saveHtml": false,
        "saveJson": true,
        "consoleReporter": "spec",
        "useInlineDiffs": false,
        "code": true
      },
      "version": "7.1.3"
    },
    "marge": {
      "options": {
        "overwrite": false,
        "html": false,
        "json": true,
        "reportDir": "cypress\\reports\\html\\.jsons"
      },
      "version": "6.2.0"
    }
  }
}