{
  "stats": {
    "suites": 1,
    "tests": 1,
    "passes": 1,
    "pending": 0,
    "failures": 0,
    "start": "2025-08-20T17:56:07.610Z",
    "end": "2025-08-20T17:56:35.276Z",
    "duration": 27666,
    "testsRegistered": 1,
    "passPercent": 100,
    "pendingPercent": 0,
    "other": 0,
    "hasOther": false,
    "skipped": 0,
    "hasSkipped": false
  },
  "results": [
    {
      "uuid": "fadce1d8-0023-4cdb-89dd-359ed35da1bf",
      "title": "",
      "fullFile": "cypress\\e2e\\05-deletarConta.cy.js",
      "file": "cypress\\e2e\\05-deletarConta.cy.js",
      "beforeHooks": [],
      "afterHooks": [],
      "tests": [],
      "suites": [
        {
          "uuid": "3a7ad775-ff58-4871-bff2-34beb41f905d",
          "title": "Teste automatizado de Login",
          "fullFile": "",
          "file": "",
          "beforeHooks": [],
          "afterHooks": [],
          "tests": [
            {
              "title": "Login de usuario",
              "fullTitle": "Teste automatizado de Login Login de usuario",
              "timedOut": null,
              "duration": 27632,
              "state": "passed",
              "speed": "slow",
              "pass": true,
              "fail": false,
              "pending": false,
              "context": null,
              "code": "(0, _visitURL.visitUrl)(URL);\n(0, _validarURL.validarURL)(URL);\n(0, _deletarConta.deletarConta)(email, senha);",
              "err": {},
              "uuid": "e6fe442e-837e-4059-b88c-8ce72c7be3ed",
              "parentUUID": "3a7ad775-ff58-4871-bff2-34beb41f905d",
              "isHook": false,
              "skipped": false
            }
          ],
          "suites": [],
          "passes": [
            "e6fe442e-837e-4059-b88c-8ce72c7be3ed"
          ],
          "failures": [],
          "pending": [],
          "skipped": [],
          "duration": 27632,
          "root": false,
          "rootEmpty": false,
          "_timeout": 2000
        }
      ],
      "passes": [],
      "failures": [],
      "pending": [],
      "skipped": [],
      "duration": 0,
      "root": true,
      "rootEmpty": true,
      "_timeout": 2000
    }
  ],
  "meta": {
    "mocha": {
      "version": "7.2.0"
    },
    "mochawesome": {
      "options": {
        "quiet": false,
        "reportFilename": "mochawesome",
        "saveHtml": false,
        "saveJson": true,
        "consoleReporter": "spec",
        "useInlineDiffs": false,
        "code": true
      },
      "version": "7.1.3"
    },
    "marge": {
      "options": {
        "overwrite": false,
        "html": false,
        "json": true,
        "reportDir": "cypress\\reports\\html\\.jsons"
      },
      "version": "6.2.0"
    }
  }
}