{
  "stats": {
    "suites": 1,
    "tests": 1,
    "passes": 1,
    "pending": 0,
    "failures": 0,
    "start": "2025-08-20T18:05:06.172Z",
    "end": "2025-08-20T18:05:17.481Z",
    "duration": 11309,
    "testsRegistered": 1,
    "passPercent": 100,
    "pendingPercent": 0,
    "other": 0,
    "hasOther": false,
    "skipped": 0,
    "hasSkipped": false
  },
  "results": [
    {
      "uuid": "e413a25b-d154-4add-8ddb-cb4793c78457",
      "title": "",
      "fullFile": "cypress\\e2e\\03-LoginUsuario.cy.js",
      "file": "cypress\\e2e\\03-LoginUsuario.cy.js",
      "beforeHooks": [],
      "afterHooks": [],
      "tests": [],
      "suites": [
        {
          "uuid": "96b80c31-5130-4411-b651-1bbc79de541a",
          "title": "Teste automatizado de Login",
          "fullFile": "",
          "file": "",
          "beforeHooks": [],
          "afterHooks": [],
          "tests": [
            {
              "title": "Login de usuario",
              "fullTitle": "Teste automatizado de Login Login de usuario",
              "timedOut": null,
              "duration": 11277,
              "state": "passed",
              "speed": "slow",
              "pass": true,
              "fail": false,
              "pending": false,
              "context": null,
              "code": "(0, _visitURL.visitUrl)(URL);\n(0, _validarURL.validarURL)(URL);\n(0, _login.loginUsuario)(email, senha);",
              "err": {},
              "uuid": "4fd68dfe-6567-4c7f-b888-d9d005076c66",
              "parentUUID": "96b80c31-5130-4411-b651-1bbc79de541a",
              "isHook": false,
              "skipped": false
            }
          ],
          "suites": [],
          "passes": [
            "4fd68dfe-6567-4c7f-b888-d9d005076c66"
          ],
          "failures": [],
          "pending": [],
          "skipped": [],
          "duration": 11277,
          "root": false,
          "rootEmpty": false,
          "_timeout": 2000
        }
      ],
      "passes": [],
      "failures": [],
      "pending": [],
      "skipped": [],
      "duration": 0,
      "root": true,
      "rootEmpty": true,
      "_timeout": 2000
    }
  ],
  "meta": {
    "mocha": {
      "version": "7.2.0"
    },
    "mochawesome": {
      "options": {
        "quiet": false,
        "reportFilename": "mochawesome",
        "saveHtml": false,
        "saveJson": true,
        "consoleReporter": "spec",
        "useInlineDiffs": false,
        "code": true
      },
      "version": "7.1.3"
    },
    "marge": {
      "options": {
        "overwrite": false,
        "html": false,
        "json": true,
        "reportDir": "cypress\\reports\\html\\.jsons"
      },
      "version": "6.2.0"
    }
  }
}