{
  "stats": {
    "suites": 1,
    "tests": 1,
    "passes": 1,
    "pending": 0,
    "failures": 0,
    "start": "2025-08-20T17:55:55.437Z",
    "end": "2025-08-20T17:56:06.607Z",
    "duration": 11170,
    "testsRegistered": 1,
    "passPercent": 100,
    "pendingPercent": 0,
    "other": 0,
    "hasOther": false,
    "skipped": 0,
    "hasSkipped": false
  },
  "results": [
    {
      "uuid": "955058f9-decf-48d6-a0fb-b2b25165bffd",
      "title": "",
      "fullFile": "cypress\\e2e\\04-LoginErroUsuario.cy.js",
      "file": "cypress\\e2e\\04-LoginErroUsuario.cy.js",
      "beforeHooks": [],
      "afterHooks": [],
      "tests": [],
      "suites": [
        {
          "uuid": "a05c5828-4978-4f1e-a41c-e41de2d99f06",
          "title": "Teste automatizado de Login",
          "fullFile": "",
          "file": "",
          "beforeHooks": [],
          "afterHooks": [],
          "tests": [
            {
              "title": "Login de usuario",
              "fullTitle": "Teste automatizado de Login Login de usuario",
              "timedOut": null,
              "duration": 11149,
              "state": "passed",
              "speed": "slow",
              "pass": true,
              "fail": false,
              "pending": false,
              "context": null,
              "code": "(0, _visitURL.visitUrl)(URL);\n(0, _validarURL.validarURL)(URL);\n(0, _login.loginErroUsuario)(email, senha);",
              "err": {},
              "uuid": "406ac7f7-9445-432e-97eb-4540797a2a9f",
              "parentUUID": "a05c5828-4978-4f1e-a41c-e41de2d99f06",
              "isHook": false,
              "skipped": false
            }
          ],
          "suites": [],
          "passes": [
            "406ac7f7-9445-432e-97eb-4540797a2a9f"
          ],
          "failures": [],
          "pending": [],
          "skipped": [],
          "duration": 11149,
          "root": false,
          "rootEmpty": false,
          "_timeout": 2000
        }
      ],
      "passes": [],
      "failures": [],
      "pending": [],
      "skipped": [],
      "duration": 0,
      "root": true,
      "rootEmpty": true,
      "_timeout": 2000
    }
  ],
  "meta": {
    "mocha": {
      "version": "7.2.0"
    },
    "mochawesome": {
      "options": {
        "quiet": false,
        "reportFilename": "mochawesome",
        "saveHtml": false,
        "saveJson": true,
        "consoleReporter": "spec",
        "useInlineDiffs": false,
        "code": true
      },
      "version": "7.1.3"
    },
    "marge": {
      "options": {
        "overwrite": false,
        "html": false,
        "json": true,
        "reportDir": "cypress\\reports\\html\\.jsons"
      },
      "version": "6.2.0"
    }
  }
}