{
  "stats": {
    "suites": 1,
    "tests": 1,
    "passes": 1,
    "pending": 0,
    "failures": 0,
    "start": "2025-08-20T18:07:11.828Z",
    "end": "2025-08-20T18:07:26.881Z",
    "duration": 15053,
    "testsRegistered": 1,
    "passPercent": 100,
    "pendingPercent": 0,
    "other": 0,
    "hasOther": false,
    "skipped": 0,
    "hasSkipped": false
  },
  "results": [
    {
      "uuid": "bdf6179a-daca-46aa-a236-cd4a28c1951d",
      "title": "",
      "fullFile": "cypress\\e2e\\01-cadastrarUsuario.cy.js",
      "file": "cypress\\e2e\\01-cadastrarUsuario.cy.js",
      "beforeHooks": [],
      "afterHooks": [],
      "tests": [],
      "suites": [
        {
          "uuid": "88c8d017-730f-4705-a273-c1b85a6888a9",
          "title": "Teste automatizado de cadastro",
          "fullFile": "",
          "file": "",
          "beforeHooks": [],
          "afterHooks": [],
          "tests": [
            {
              "title": "Erro de cadastro de usuario",
              "fullTitle": "Teste automatizado de cadastro Erro de cadastro de usuario",
              "timedOut": null,
              "duration": 15007,
              "state": "passed",
              "speed": "slow",
              "pass": true,
              "fail": false,
              "pending": false,
              "context": null,
              "code": "(0, _visitURL.visitUrl)(URL);\n(0, _validarURL.validarURL)(URL);\n(0, _cadastro.cadastrarUsuario)(name, email, senha);",
              "err": {},
              "uuid": "31e2ade5-d146-4522-a057-2357b74e93fe",
              "parentUUID": "88c8d017-730f-4705-a273-c1b85a6888a9",
              "isHook": false,
              "skipped": false
            }
          ],
          "suites": [],
          "passes": [
            "31e2ade5-d146-4522-a057-2357b74e93fe"
          ],
          "failures": [],
          "pending": [],
          "skipped": [],
          "duration": 15007,
          "root": false,
          "rootEmpty": false,
          "_timeout": 2000
        }
      ],
      "passes": [],
      "failures": [],
      "pending": [],
      "skipped": [],
      "duration": 0,
      "root": true,
      "rootEmpty": true,
      "_timeout": 2000
    }
  ],
  "meta": {
    "mocha": {
      "version": "7.2.0"
    },
    "mochawesome": {
      "options": {
        "quiet": false,
        "reportFilename": "mochawesome",
        "saveHtml": false,
        "saveJson": true,
        "consoleReporter": "spec",
        "useInlineDiffs": false,
        "code": true
      },
      "version": "7.1.3"
    },
    "marge": {
      "options": {
        "overwrite": false,
        "html": false,
        "json": true,
        "reportDir": "cypress\\reports\\html\\.jsons"
      },
      "version": "6.2.0"
    }
  }
}