{
  "stats": {
    "suites": 1,
    "tests": 1,
    "passes": 1,
    "pending": 0,
    "failures": 0,
    "start": "2025-08-20T18:04:56.712Z",
    "end": "2025-08-20T18:05:05.144Z",
    "duration": 8432,
    "testsRegistered": 1,
    "passPercent": 100,
    "pendingPercent": 0,
    "other": 0,
    "hasOther": false,
    "skipped": 0,
    "hasSkipped": false
  },
  "results": [
    {
      "uuid": "5f4e51d7-f8f9-4956-bccb-077f3766afc3",
      "title": "",
      "fullFile": "cypress\\e2e\\02-cadastrarErroUsuario.cy.js",
      "file": "cypress\\e2e\\02-cadastrarErroUsuario.cy.js",
      "beforeHooks": [],
      "afterHooks": [],
      "tests": [],
      "suites": [
        {
          "uuid": "e631fa65-de11-4b73-91a6-9be52d8ea4d5",
          "title": "Teste automatizado de erro cadastro",
          "fullFile": "",
          "file": "",
          "beforeHooks": [],
          "afterHooks": [],
          "tests": [
            {
              "title": "Erro Cadastro de usuario",
              "fullTitle": "Teste automatizado de erro cadastro Erro Cadastro de usuario",
              "timedOut": null,
              "duration": 8399,
              "state": "passed",
              "speed": "medium",
              "pass": true,
              "fail": false,
              "pending": false,
              "context": null,
              "code": "(0, _visitURL.visitUrl)(URL);\n(0, _validarURL.validarURL)(URL);\n(0, _cadastro.cadastrarErroUsuario)(name, email, senha);",
              "err": {},
              "uuid": "93b81d91-8c49-4034-9c08-c713dac82e1a",
              "parentUUID": "e631fa65-de11-4b73-91a6-9be52d8ea4d5",
              "isHook": false,
              "skipped": false
            }
          ],
          "suites": [],
          "passes": [
            "93b81d91-8c49-4034-9c08-c713dac82e1a"
          ],
          "failures": [],
          "pending": [],
          "skipped": [],
          "duration": 8399,
          "root": false,
          "rootEmpty": false,
          "_timeout": 2000
        }
      ],
      "passes": [],
      "failures": [],
      "pending": [],
      "skipped": [],
      "duration": 0,
      "root": true,
      "rootEmpty": true,
      "_timeout": 2000
    }
  ],
  "meta": {
    "mocha": {
      "version": "7.2.0"
    },
    "mochawesome": {
      "options": {
        "quiet": false,
        "reportFilename": "mochawesome",
        "saveHtml": false,
        "saveJson": true,
        "consoleReporter": "spec",
        "useInlineDiffs": false,
        "code": true
      },
      "version": "7.1.3"
    },
    "marge": {
      "options": {
        "overwrite": false,
        "html": false,
        "json": true,
        "reportDir": "cypress\\reports\\html\\.jsons"
      },
      "version": "6.2.0"
    }
  }
}