{
  "stats": {
    "suites": 1,
    "tests": 1,
    "passes": 1,
    "pending": 0,
    "failures": 0,
    "start": "2025-08-20T18:08:08.678Z",
    "end": "2025-08-20T18:08:17.436Z",
    "duration": 8758,
    "testsRegistered": 1,
    "passPercent": 100,
    "pendingPercent": 0,
    "other": 0,
    "hasOther": false,
    "skipped": 0,
    "hasSkipped": false
  },
  "results": [
    {
      "uuid": "2cf4212f-ae5a-4f11-a4f8-fe59b25f7f82",
      "title": "",
      "fullFile": "cypress\\e2e\\04-LoginErroUsuario.cy.js",
      "file": "cypress\\e2e\\04-LoginErroUsuario.cy.js",
      "beforeHooks": [],
      "afterHooks": [],
      "tests": [],
      "suites": [
        {
          "uuid": "abe9d526-3c98-45a5-87f9-8a907a804826",
          "title": "Teste automatizado de Erro no Login",
          "fullFile": "",
          "file": "",
          "beforeHooks": [],
          "afterHooks": [],
          "tests": [
            {
              "title": "Erro no Login de usuario",
              "fullTitle": "Teste automatizado de Erro no Login Erro no Login de usuario",
              "timedOut": null,
              "duration": 8731,
              "state": "passed",
              "speed": "medium",
              "pass": true,
              "fail": false,
              "pending": false,
              "context": null,
              "code": "(0, _visitURL.visitUrl)(URL);\n(0, _validarURL.validarURL)(URL);\n(0, _login.loginErroUsuario)(email, senha);",
              "err": {},
              "uuid": "ac62a14e-d212-4ae9-9e90-78cd6834e59a",
              "parentUUID": "abe9d526-3c98-45a5-87f9-8a907a804826",
              "isHook": false,
              "skipped": false
            }
          ],
          "suites": [],
          "passes": [
            "ac62a14e-d212-4ae9-9e90-78cd6834e59a"
          ],
          "failures": [],
          "pending": [],
          "skipped": [],
          "duration": 8731,
          "root": false,
          "rootEmpty": false,
          "_timeout": 2000
        }
      ],
      "passes": [],
      "failures": [],
      "pending": [],
      "skipped": [],
      "duration": 0,
      "root": true,
      "rootEmpty": true,
      "_timeout": 2000
    }
  ],
  "meta": {
    "mocha": {
      "version": "7.2.0"
    },
    "mochawesome": {
      "options": {
        "quiet": false,
        "reportFilename": "mochawesome",
        "saveHtml": false,
        "saveJson": true,
        "consoleReporter": "spec",
        "useInlineDiffs": false,
        "code": true
      },
      "version": "7.1.3"
    },
    "marge": {
      "options": {
        "overwrite": false,
        "html": false,
        "json": true,
        "reportDir": "cypress\\reports\\html\\.jsons"
      },
      "version": "6.2.0"
    }
  }
}