{
  "stats": {
    "suites": 1,
    "tests": 1,
    "passes": 1,
    "pending": 0,
    "failures": 0,
    "start": "2025-08-20T18:05:28.154Z",
    "end": "2025-08-20T18:05:43.049Z",
    "duration": 14895,
    "testsRegistered": 1,
    "passPercent": 100,
    "pendingPercent": 0,
    "other": 0,
    "hasOther": false,
    "skipped": 0,
    "hasSkipped": false
  },
  "results": [
    {
      "uuid": "947ea373-ae34-400b-a358-db851e9c6883",
      "title": "",
      "fullFile": "cypress\\e2e\\05-deletarConta.cy.js",
      "file": "cypress\\e2e\\05-deletarConta.cy.js",
      "beforeHooks": [],
      "afterHooks": [],
      "tests": [],
      "suites": [
        {
          "uuid": "f2b1e984-d6ce-4533-b325-8b9e0159b5c8",
          "title": "Teste automatizado de Deletar Conta",
          "fullFile": "",
          "file": "",
          "beforeHooks": [],
          "afterHooks": [],
          "tests": [
            {
              "title": "Deletar Conta de usuario",
              "fullTitle": "Teste automatizado de Deletar Conta Deletar Conta de usuario",
              "timedOut": null,
              "duration": 14857,
              "state": "passed",
              "speed": "slow",
              "pass": true,
              "fail": false,
              "pending": false,
              "context": null,
              "code": "(0, _visitURL.visitUrl)(URL);\n(0, _validarURL.validarURL)(URL);\n(0, _deletarConta.deletarConta)(email, senha);",
              "err": {},
              "uuid": "313c8059-2def-4af5-a0d5-1da4d50597db",
              "parentUUID": "f2b1e984-d6ce-4533-b325-8b9e0159b5c8",
              "isHook": false,
              "skipped": false
            }
          ],
          "suites": [],
          "passes": [
            "313c8059-2def-4af5-a0d5-1da4d50597db"
          ],
          "failures": [],
          "pending": [],
          "skipped": [],
          "duration": 14857,
          "root": false,
          "rootEmpty": false,
          "_timeout": 2000
        }
      ],
      "passes": [],
      "failures": [],
      "pending": [],
      "skipped": [],
      "duration": 0,
      "root": true,
      "rootEmpty": true,
      "_timeout": 2000
    }
  ],
  "meta": {
    "mocha": {
      "version": "7.2.0"
    },
    "mochawesome": {
      "options": {
        "quiet": false,
        "reportFilename": "mochawesome",
        "saveHtml": false,
        "saveJson": true,
        "consoleReporter": "spec",
        "useInlineDiffs": false,
        "code": true
      },
      "version": "7.1.3"
    },
    "marge": {
      "options": {
        "overwrite": false,
        "html": false,
        "json": true,
        "reportDir": "cypress\\reports\\html\\.jsons"
      },
      "version": "6.2.0"
    }
  }
}