{
  "stats": {
    "suites": 1,
    "tests": 1,
    "passes": 1,
    "pending": 0,
    "failures": 0,
    "start": "2025-08-20T17:55:39.731Z",
    "end": "2025-08-20T17:55:54.426Z",
    "duration": 14695,
    "testsRegistered": 1,
    "passPercent": 100,
    "pendingPercent": 0,
    "other": 0,
    "hasOther": false,
    "skipped": 0,
    "hasSkipped": false
  },
  "results": [
    {
      "uuid": "8881a612-c522-497d-8dbe-c9b8190df232",
      "title": "",
      "fullFile": "cypress\\e2e\\03-LoginUsuario.cy.js",
      "file": "cypress\\e2e\\03-LoginUsuario.cy.js",
      "beforeHooks": [],
      "afterHooks": [],
      "tests": [],
      "suites": [
        {
          "uuid": "12cb0ad4-d146-4d9a-95f5-2e648b2aa457",
          "title": "Teste automatizado de Login",
          "fullFile": "",
          "file": "",
          "beforeHooks": [],
          "afterHooks": [],
          "tests": [
            {
              "title": "Login de usuario",
              "fullTitle": "Teste automatizado de Login Login de usuario",
              "timedOut": null,
              "duration": 14665,
              "state": "passed",
              "speed": "slow",
              "pass": true,
              "fail": false,
              "pending": false,
              "context": null,
              "code": "(0, _visitURL.visitUrl)(URL);\n(0, _validarURL.validarURL)(URL);\n(0, _login.loginUsuario)(email, senha);",
              "err": {},
              "uuid": "d837bffe-60af-4897-841d-9c611e16608d",
              "parentUUID": "12cb0ad4-d146-4d9a-95f5-2e648b2aa457",
              "isHook": false,
              "skipped": false
            }
          ],
          "suites": [],
          "passes": [
            "d837bffe-60af-4897-841d-9c611e16608d"
          ],
          "failures": [],
          "pending": [],
          "skipped": [],
          "duration": 14665,
          "root": false,
          "rootEmpty": false,
          "_timeout": 2000
        }
      ],
      "passes": [],
      "failures": [],
      "pending": [],
      "skipped": [],
      "duration": 0,
      "root": true,
      "rootEmpty": true,
      "_timeout": 2000
    }
  ],
  "meta": {
    "mocha": {
      "version": "7.2.0"
    },
    "mochawesome": {
      "options": {
        "quiet": false,
        "reportFilename": "mochawesome",
        "saveHtml": false,
        "saveJson": true,
        "consoleReporter": "spec",
        "useInlineDiffs": false,
        "code": true
      },
      "version": "7.1.3"
    },
    "marge": {
      "options": {
        "overwrite": false,
        "html": false,
        "json": true,
        "reportDir": "cypress\\reports\\html\\.jsons"
      },
      "version": "6.2.0"
    }
  }
}