{
  "stats": {
    "suites": 1,
    "tests": 1,
    "passes": 1,
    "pending": 0,
    "failures": 0,
    "start": "2025-08-20T17:55:22.443Z",
    "end": "2025-08-20T17:55:38.477Z",
    "duration": 16034,
    "testsRegistered": 1,
    "passPercent": 100,
    "pendingPercent": 0,
    "other": 0,
    "hasOther": false,
    "skipped": 0,
    "hasSkipped": false
  },
  "results": [
    {
      "uuid": "e72c1d81-29e3-494e-b98e-b52a93249975",
      "title": "",
      "fullFile": "cypress\\e2e\\02-cadastrarErroUsuario.cy.js",
      "file": "cypress\\e2e\\02-cadastrarErroUsuario.cy.js",
      "beforeHooks": [],
      "afterHooks": [],
      "tests": [],
      "suites": [
        {
          "uuid": "9191682b-c961-49b1-9041-0c3e34438c42",
          "title": "Teste automatizado de erro cadastro",
          "fullFile": "",
          "file": "",
          "beforeHooks": [],
          "afterHooks": [],
          "tests": [
            {
              "title": "Cadastro de usuario",
              "fullTitle": "Teste automatizado de erro cadastro Cadastro de usuario",
              "timedOut": null,
              "duration": 16002,
              "state": "passed",
              "speed": "slow",
              "pass": true,
              "fail": false,
              "pending": false,
              "context": null,
              "code": "(0, _visitURL.visitUrl)(URL);\n(0, _validarURL.validarURL)(URL);\n(0, _cadastro.cadastrarErroUsuario)(name, email, senha);",
              "err": {},
              "uuid": "92cedb6f-360d-402f-89b4-3ae243ebf17c",
              "parentUUID": "9191682b-c961-49b1-9041-0c3e34438c42",
              "isHook": false,
              "skipped": false
            }
          ],
          "suites": [],
          "passes": [
            "92cedb6f-360d-402f-89b4-3ae243ebf17c"
          ],
          "failures": [],
          "pending": [],
          "skipped": [],
          "duration": 16002,
          "root": false,
          "rootEmpty": false,
          "_timeout": 2000
        }
      ],
      "passes": [],
      "failures": [],
      "pending": [],
      "skipped": [],
      "duration": 0,
      "root": true,
      "rootEmpty": true,
      "_timeout": 2000
    }
  ],
  "meta": {
    "mocha": {
      "version": "7.2.0"
    },
    "mochawesome": {
      "options": {
        "quiet": false,
        "reportFilename": "mochawesome",
        "saveHtml": false,
        "saveJson": true,
        "consoleReporter": "spec",
        "useInlineDiffs": false,
        "code": true
      },
      "version": "7.1.3"
    },
    "marge": {
      "options": {
        "overwrite": false,
        "html": false,
        "json": true,
        "reportDir": "cypress\\reports\\html\\.jsons"
      },
      "version": "6.2.0"
    }
  }
}